<?xml version="1.0" encoding="UTF-8"?>
<testsuite xmlns:xsi="http://www.w3.org/2001/XMLSchema-instance" xsi:noNamespaceSchemaLocation="https://maven.apache.org/surefire/maven-surefire-plugin/xsd/surefire-test-report-3.0.xsd" version="3.0" name="tests.BookHappyPathTest" time="36.886" tests="5" errors="0" skipped="0" failures="0">
  <properties>
[...]
</properties>
  <testcase name="createShouldReturnSameBody" classname="tests.BookHappyPathTest" time="3.202">
    <system-out><![CDATA[TEST STARTED: POST__Books_preserves_request_body at 20250621_015622
STEP: Generating test data
STEP: Sending POST /Books request
STEP: Validating publishDate equality
PASS: POST /Books test passed successfully
Rapor dosyası PASS klasörüne taşındı: src\test\html_logs\PASS\POST__Books_preserves_request_body_20250621_015622.html
TEST FINISHED: POST /Books preserves request body. HTML log created at src\test\html_logs\POST__Books_preserves_request_body_20250621_015622.html
]]></system-out>
  </testcase>
  <testcase name="getAllShouldReturnArray" classname="tests.BookHappyPathTest" time="26.981">
    <system-out><![CDATA[TEST STARTED: GET__Books_always_returns_200_and_a_JSON_array at 20250621_015625
STEP: Sending GET /Books request
PASS: GET /Books test passed successfully
Rapor dosyası PASS klasörüne taşındı: src\test\html_logs\PASS\GET__Books_always_returns_200_and_a_JSON_array_20250621_015625.html
TEST FINISHED: GET /Books always returns 200 and a JSON array. HTML log created at src\test\html_logs\GET__Books_always_returns_200_and_a_JSON_array_20250621_015625.html
]]></system-out>
  </testcase>
  <testcase name="getExistingBookById" classname="tests.BookHappyPathTest" time="1.03">
    <system-out><![CDATA[TEST STARTED: GET__Books__id__returns_200_for_an_existing_book__ID__1_ at 20250621_015652
STEP: Sending GET /Books/1 request
PASS: GET /Books/{id} test passed successfully
Rapor dosyası PASS klasörüne taşındı: src\test\html_logs\PASS\GET__Books__id__returns_200_for_an_existing_book__ID__1__20250621_015652.html
TEST FINISHED: GET /Books/{id} returns 200 for an existing book (ID: 1). HTML log created at src\test\html_logs\GET__Books__id__returns_200_for_an_existing_book__ID__1__20250621_015652.html
]]></system-out>
  </testcase>
  <testcase name="updateExistingBook" classname="tests.BookHappyPathTest" time="3.187">
    <system-out><![CDATA[TEST STARTED: PUT__Books__id__updates_record__ID__2__and_returns_200 at 20250621_015653
STEP: Generating updated data for book ID:2
STEP: Sending PUT /Books/2 request
PASS: PUT /Books/{id} test passed successfully
Rapor dosyası PASS klasörüne taşındı: src\test\html_logs\PASS\PUT__Books__id__updates_record__ID__2__and_returns_200_20250621_015653.html
TEST FINISHED: PUT /Books/{id} updates record (ID: 2) and returns 200. HTML log created at src\test\html_logs\PUT__Books__id__updates_record__ID__2__and_returns_200_20250621_015653.html
]]></system-out>
  </testcase>
  <testcase name="deleteExistingBook" classname="tests.BookHappyPathTest" time="2.482">
    <system-out><![CDATA[TEST STARTED: DELETE__Books__id__returns_200_or_204_for_an_existing_book__ID__3_ at 20250621_015657
STEP: Sending DELETE /Books/3 request
PASS: DELETE /Books test passed successfully
Rapor dosyası PASS klasörüne taşındı: src\test\html_logs\PASS\DELETE__Books__id__returns_200_or_204_for_an_existing_book__ID__3__20250621_015657.html
TEST FINISHED: DELETE /Books/{id} returns 200 or 204 for an existing book (ID: 3). HTML log created at src\test\html_logs\DELETE__Books__id__returns_200_or_204_for_an_existing_book__ID__3__20250621_015657.html
]]></system-out>
  </testcase>
</testsuite>