<?xml version="1.0" encoding="UTF-8"?>
<testsuite xmlns:xsi="http://www.w3.org/2001/XMLSchema-instance" xsi:noNamespaceSchemaLocation="https://maven.apache.org/surefire/maven-surefire-plugin/xsd/surefire-test-report-3.0.xsd" version="3.0" name="tests.BookNegativeTest" time="3.681" tests="4" errors="0" skipped="0" failures="2">
  <properties>
[...]
</properties>
  <testcase name="createWithInvalidDataShouldReturn400" classname="tests.BookNegativeTest" time="0.273">
    <system-out><![CDATA[TEST STARTED: POST__Books_with_invalid_data_returns_400 at 20250621_015659
onStart: POST /Books with invalid data returns 400
STEP: Generating invalid test data
STEP: Sending POST /Books request with invalid data
PASS: POST with invalid data returned 400 as expected
Current test instance cleared.
Rapor dosyası PASS klasörüne taşındı: src\test\html_logs\PASS\POST__Books_with_invalid_data_returns_400_20250621_015659.html
TEST FINISHED: POST /Books with invalid data returns 400. HTML log created at src\test\html_logs\POST__Books_with_invalid_data_returns_400_20250621_015659.html
]]></system-out>
  </testcase>
  <testcase name="getNonExistentBookShouldReturn404" classname="tests.BookNegativeTest" time="2.601">
    <system-out><![CDATA[TEST STARTED: GET__Books__id__with_non_existent_id_returns_404 at 20250621_015659
onStart: GET /Books/{id} with non-existent id returns 404
STEP: Sending GET /Books/999999 request
PASS: GET with non-existent id returned 404 as expected
Current test instance cleared.
Rapor dosyası PASS klasörüne taşındı: src\test\html_logs\PASS\GET__Books__id__with_non_existent_id_returns_404_20250621_015659.html
TEST FINISHED: GET /Books/{id} with non-existent id returns 404. HTML log created at src\test\html_logs\GET__Books__id__with_non_existent_id_returns_404_20250621_015659.html
]]></system-out>
  </testcase>
  <testcase name="updateNonExistentBookShouldReturn404" classname="tests.BookNegativeTest" time="0.587">
    <failure message="1 expectation failed.&#10;Expected status code &lt;404&gt; but was &lt;200&gt;.&#10;" type="java.lang.AssertionError"><![CDATA[java.lang.AssertionError: 
1 expectation failed.
Expected status code <404> but was <200>.

	at java.base/jdk.internal.reflect.DirectConstructorHandleAccessor.newInstance(DirectConstructorHandleAccessor.java:62)
	at java.base/java.lang.reflect.Constructor.newInstanceWithCaller(Constructor.java:502)
	at java.base/java.lang.reflect.Constructor.newInstance(Constructor.java:486)
	at org.codehaus.groovy.reflection.CachedConstructor.invoke(CachedConstructor.java:73)
	at org.codehaus.groovy.runtime.callsite.ConstructorSite$ConstructorSiteNoUnwrapNoCoerce.callConstructor(ConstructorSite.java:108)
	at org.codehaus.groovy.runtime.callsite.AbstractCallSite.callConstructor(AbstractCallSite.java:277)
	at io.restassured.internal.ResponseSpecificationImpl$HamcrestAssertionClosure.validate(ResponseSpecificationImpl.groovy:512)
	at io.restassured.internal.ResponseSpecificationImpl$HamcrestAssertionClosure$validate$1.call(Unknown Source)
	at io.restassured.internal.ResponseSpecificationImpl.validateResponseIfRequired(ResponseSpecificationImpl.groovy:696)
	at io.restassured.internal.ResponseSpecificationImpl.this$2$validateResponseIfRequired(ResponseSpecificationImpl.groovy)
	at java.base/jdk.internal.reflect.DirectMethodHandleAccessor.invoke(DirectMethodHandleAccessor.java:103)
	at java.base/java.lang.reflect.Method.invoke(Method.java:580)
	at org.codehaus.groovy.runtime.callsite.PlainObjectMetaMethodSite.doInvoke(PlainObjectMetaMethodSite.java:43)
	at org.codehaus.groovy.runtime.callsite.PogoMetaMethodSite$PogoCachedMethodSiteNoUnwrapNoCoerce.invoke(PogoMetaMethodSite.java:198)
	at org.codehaus.groovy.runtime.callsite.PogoMetaMethodSite.callCurrent(PogoMetaMethodSite.java:62)
	at org.codehaus.groovy.runtime.callsite.AbstractCallSite.callCurrent(AbstractCallSite.java:185)
	at io.restassured.internal.ResponseSpecificationImpl.statusCode(ResponseSpecificationImpl.groovy:135)
	at io.restassured.specification.ResponseSpecification$statusCode$0.callCurrent(Unknown Source)
	at io.restassured.internal.ResponseSpecificationImpl.statusCode(ResponseSpecificationImpl.groovy:143)
	at io.restassured.internal.ValidatableResponseOptionsImpl.statusCode(ValidatableResponseOptionsImpl.java:89)
	at tests.BookNegativeTest.updateNonExistentBookShouldReturn404(BookNegativeTest.java:79)
	at java.base/java.lang.reflect.Method.invoke(Method.java:580)
	at java.base/java.util.ArrayList.forEach(ArrayList.java:1596)
	at java.base/java.util.ArrayList.forEach(ArrayList.java:1596)
]]></failure>
    <system-out><![CDATA[TEST STARTED: PUT__Books__id__for_non_existent_book_returns_404 at 20250621_015702
onStart: PUT /Books/{id} for non-existent book returns 404
STEP: Generating updated data for non-existent book id: 888888
STEP: Sending PUT /Books/888888 request
FAIL: Expected status code <404> but received a different status. 1 expectation failed.
Expected status code <404> but was <200>.

Current test instance cleared.
Rapor dosyası FAIL klasörüne taşındı: src\test\html_logs\FAIL\PUT__Books__id__for_non_existent_book_returns_404_20250621_015702.html
TEST FINISHED: PUT /Books/{id} for non-existent book returns 404. HTML log created at src\test\html_logs\PUT__Books__id__for_non_existent_book_returns_404_20250621_015702.html
]]></system-out>
  </testcase>
  <testcase name="deleteNonExistentBookShouldReturn404" classname="tests.BookNegativeTest" time="0.216">
    <failure message="1 expectation failed.&#10;Expected status code &lt;404&gt; but was &lt;200&gt;.&#10;" type="java.lang.AssertionError"><![CDATA[java.lang.AssertionError: 
1 expectation failed.
Expected status code <404> but was <200>.

	at java.base/jdk.internal.reflect.DirectConstructorHandleAccessor.newInstance(DirectConstructorHandleAccessor.java:62)
	at java.base/java.lang.reflect.Constructor.newInstanceWithCaller(Constructor.java:502)
	at java.base/java.lang.reflect.Constructor.newInstance(Constructor.java:486)
	at org.codehaus.groovy.reflection.CachedConstructor.invoke(CachedConstructor.java:73)
	at org.codehaus.groovy.runtime.callsite.ConstructorSite$ConstructorSiteNoUnwrapNoCoerce.callConstructor(ConstructorSite.java:108)
	at org.codehaus.groovy.runtime.callsite.AbstractCallSite.callConstructor(AbstractCallSite.java:277)
	at io.restassured.internal.ResponseSpecificationImpl$HamcrestAssertionClosure.validate(ResponseSpecificationImpl.groovy:512)
	at io.restassured.internal.ResponseSpecificationImpl$HamcrestAssertionClosure$validate$1.call(Unknown Source)
	at io.restassured.internal.ResponseSpecificationImpl.validateResponseIfRequired(ResponseSpecificationImpl.groovy:696)
	at io.restassured.internal.ResponseSpecificationImpl.this$2$validateResponseIfRequired(ResponseSpecificationImpl.groovy)
	at java.base/jdk.internal.reflect.DirectMethodHandleAccessor.invoke(DirectMethodHandleAccessor.java:103)
	at java.base/java.lang.reflect.Method.invoke(Method.java:580)
	at org.codehaus.groovy.runtime.callsite.PlainObjectMetaMethodSite.doInvoke(PlainObjectMetaMethodSite.java:43)
	at org.codehaus.groovy.runtime.callsite.PogoMetaMethodSite$PogoCachedMethodSiteNoUnwrapNoCoerce.invoke(PogoMetaMethodSite.java:198)
	at org.codehaus.groovy.runtime.callsite.PogoMetaMethodSite.callCurrent(PogoMetaMethodSite.java:62)
	at org.codehaus.groovy.runtime.callsite.AbstractCallSite.callCurrent(AbstractCallSite.java:185)
	at io.restassured.internal.ResponseSpecificationImpl.statusCode(ResponseSpecificationImpl.groovy:135)
	at io.restassured.specification.ResponseSpecification$statusCode$0.callCurrent(Unknown Source)
	at io.restassured.internal.ResponseSpecificationImpl.statusCode(ResponseSpecificationImpl.groovy:143)
	at io.restassured.internal.ValidatableResponseOptionsImpl.statusCode(ValidatableResponseOptionsImpl.java:89)
	at tests.BookNegativeTest.deleteNonExistentBookShouldReturn404(BookNegativeTest.java:104)
	at java.base/java.lang.reflect.Method.invoke(Method.java:580)
	at java.base/java.util.ArrayList.forEach(ArrayList.java:1596)
	at java.base/java.util.ArrayList.forEach(ArrayList.java:1596)
]]></failure>
    <system-out><![CDATA[TEST STARTED: DELETE__Books__id__for_non_existent_book_returns_404 at 20250621_015703
onStart: DELETE /Books/{id} for non-existent book returns 404
STEP: Sending DELETE /Books/777777 request
FAIL: Expected status code <404> but received a different status. 1 expectation failed.
Expected status code <404> but was <200>.

Current test instance cleared.
Rapor dosyası FAIL klasörüne taşındı: src\test\html_logs\FAIL\DELETE__Books__id__for_non_existent_book_returns_404_20250621_015703.html
TEST FINISHED: DELETE /Books/{id} for non-existent book returns 404. HTML log created at src\test\html_logs\DELETE__Books__id__for_non_existent_book_returns_404_20250621_015703.html
]]></system-out>
  </testcase>
</testsuite>